# JRE version: OpenJDK Runtime Environment 18.9 (11.0.11+9) (build 11.0.11+9)
# Java VM: OpenJDK 64-Bit Server VM 18.9 (11.0.11+9, mixed mode, tiered, compressed oops, g1 gc, windows-amd64)
Heap:
 garbage-first heap   total 262144K, used 131498K [0x0000000740000000, 0x0000000800000000)
  region size 1024K, 17 young (17408K), 0 survivors (0K)
 Metaspace       used 110906K, capacity 113734K, committed 113996K, reserved 1146880K
  class space    used 15174K, capacity 16428K, committed 16460K, reserved 1048576K
GC Heap History (20 events):
Event: 117.921 GC heap before
{Heap before GC invocations=39 (full 1):
 garbage-first heap   total 262144K, used 190529K [0x0000000740000000, 0x0000000800000000)
  region size 1024K, 60 young (61440K), 5 survivors (5120K)
 Metaspace       used 104503K, capacity 106977K, committed 107212K, reserved 1140736K
  class space    used 14171K, capacity 15268K, committed 15308K, reserved 1048576K
}
Event: 117.928 GC heap after
{Heap after GC invocations=40 (full 1):
 garbage-first heap   total 262144K, used 119526K [0x0000000740000000, 0x0000000800000000)
  region size 1024K, 6 young (6144K), 6 survivors (6144K)
 Metaspace       used 104503K, capacity 106977K, committed 107212K, reserved 1140736K
  class space    used 14171K, capacity 15268K, committed 15308K, reserved 1048576K
}
Event: 122.446 GC heap before
{Heap before GC invocations=41 (full 1):
 garbage-first heap   total 262144K, used 174822K [0x0000000740000000, 0x0000000800000000)
  region size 1024K, 60 young (61440K), 6 survivors (6144K)
 Metaspace       used 104636K, capacity 107105K, committed 107212K, reserved 1140736K
  class space    used 14171K, capacity 15268K, committed 15308K, reserved 1048576K
}
Event: 122.453 GC heap after
{Heap after GC invocations=42 (full 1):
 garbage-first heap   total 262144K, used 119380K [0x0000000740000000, 0x0000000800000000)
  region size 1024K, 4 young (4096K), 4 survivors (4096K)
 Metaspace       used 104636K, capacity 107105K, committed 107212K, reserved 1140736K
  class space    used 14171K, capacity 15268K, committed 15308K, reserved 1048576K
}
Event: 124.774 GC heap before
{Heap before GC invocations=42 (full 1):
 garbage-first heap   total 262144K, used 176724K [0x0000000740000000, 0x0000000800000000)
  region size 1024K, 60 young (61440K), 4 survivors (4096K)
 Metaspace       used 104645K, capacity 107105K, committed 107212K, reserved 1140736K
  class space    used 14171K, capacity 15268K, committed 15308K, reserved 1048576K
}
Event: 124.780 GC heap after
{Heap after GC invocations=43 (full 1):
 garbage-first heap   total 262144K, used 119475K [0x0000000740000000, 0x0000000800000000)
  region size 1024K, 4 young (4096K), 4 survivors (4096K)
 Metaspace       used 104645K, capacity 107105K, committed 107212K, reserved 1140736K
  class space    used 14171K, capacity 15268K, committed 15308K, reserved 1048576K
}
Event: 127.838 GC heap before
{Heap before GC invocations=44 (full 1):
 garbage-first heap   total 262144K, used 176819K [0x0000000740000000, 0x0000000800000000)
  region size 1024K, 60 young (61440K), 4 survivors (4096K)
 Metaspace       used 104720K, capacity 107169K, committed 107212K, reserved 1140736K
  class space    used 14175K, capacity 15268K, committed 15308K, reserved 1048576K
}
Event: 127.846 GC heap after
{Heap after GC invocations=45 (full 1):
 garbage-first heap   total 262144K, used 119383K [0x0000000740000000, 0x0000000800000000)
  region size 1024K, 4 young (4096K), 4 survivors (4096K)
 Metaspace       used 104720K, capacity 107169K, committed 107212K, reserved 1140736K
  class space    used 14175K, capacity 15268K, committed 15308K, reserved 1048576K
}
Event: 129.560 GC heap before
{Heap before GC invocations=45 (full 1):
 garbage-first heap   total 262144K, used 176727K [0x0000000740000000, 0x0000000800000000)
  region size 1024K, 60 young (61440K), 4 survivors (4096K)
 Metaspace       used 104832K, capacity 107297K, committed 107468K, reserved 1140736K
  class space    used 14186K, capacity 15268K, committed 15308K, reserved 1048576K
}
Event: 129.565 GC heap after
{Heap after GC invocations=46 (full 1):
 garbage-first heap   total 262144K, used 119348K [0x0000000740000000, 0x0000000800000000)
  region size 1024K, 4 young (4096K), 4 survivors (4096K)
 Metaspace       used 104832K, capacity 107297K, committed 107468K, reserved 1140736K
  class space    used 14186K, capacity 15268K, committed 15308K, reserved 1048576K
}
Event: 141.587 GC heap before
{Heap before GC invocations=47 (full 1):
 garbage-first heap   total 262144K, used 176692K [0x0000000740000000, 0x0000000800000000)
  region size 1024K, 60 young (61440K), 4 survivors (4096K)
 Metaspace       used 106357K, capacity 108873K, committed 109132K, reserved 1142784K
  class space    used 14481K, capacity 15577K, committed 15692K, reserved 1048576K
}
Event: 141.594 GC heap after
{Heap after GC invocations=48 (full 1):
 garbage-first heap   total 262144K, used 121887K [0x0000000740000000, 0x0000000800000000)
  region size 1024K, 7 young (7168K), 7 survivors (7168K)
 Metaspace       used 106357K, capacity 108873K, committed 109132K, reserved 1142784K
  class space    used 14481K, capacity 15577K, committed 15692K, reserved 1048576K
}
Event: 142.452 GC heap before
{Heap before GC invocations=48 (full 1):
 garbage-first heap   total 262144K, used 176159K [0x0000000740000000, 0x0000000800000000)
  region size 1024K, 60 young (61440K), 7 survivors (7168K)
 Metaspace       used 107984K, capacity 110495K, committed 110540K, reserved 1144832K
  class space    used 14683K, capacity 15808K, committed 15820K, reserved 1048576K
}
Event: 142.467 GC heap after
{Heap after GC invocations=49 (full 1):
 garbage-first heap   total 262144K, used 124210K [0x0000000740000000, 0x0000000800000000)
  region size 1024K, 7 young (7168K), 7 survivors (7168K)
 Metaspace       used 107984K, capacity 110495K, committed 110540K, reserved 1144832K
  class space    used 14683K, capacity 15808K, committed 15820K, reserved 1048576K
}
Event: 142.973 GC heap before
{Heap before GC invocations=50 (full 1):
 garbage-first heap   total 262144K, used 152882K [0x0000000740000000, 0x0000000800000000)
  region size 1024K, 28 young (28672K), 7 survivors (7168K)
 Metaspace       used 109690K, capacity 112287K, committed 112460K, reserved 1144832K
  class space    used 14991K, capacity 16130K, committed 16204K, reserved 1048576K
}
Event: 143.078 GC heap after
{Heap after GC invocations=51 (full 2):
 garbage-first heap   total 262144K, used 115605K [0x0000000740000000, 0x0000000800000000)
  region size 1024K, 0 young (0K), 0 survivors (0K)
 Metaspace       used 109690K, capacity 112287K, committed 112460K, reserved 1144832K
  class space    used 14991K, capacity 16130K, committed 16204K, reserved 1048576K
}
Event: 147.880 GC heap before
{Heap before GC invocations=51 (full 2):
 garbage-first heap   total 262144K, used 177045K [0x0000000740000000, 0x0000000800000000)
  region size 1024K, 60 young (61440K), 0 survivors (0K)
 Metaspace       used 110403K, capacity 113195K, committed 113484K, reserved 1146880K
  class space    used 15124K, capacity 16376K, committed 16460K, reserved 1048576K
}
Event: 147.885 GC heap after
{Heap after GC invocations=52 (full 2):
 garbage-first heap   total 262144K, used 117444K [0x0000000740000000, 0x0000000800000000)
  region size 1024K, 2 young (2048K), 2 survivors (2048K)
 Metaspace       used 110403K, capacity 113195K, committed 113484K, reserved 1146880K
  class space    used 15124K, capacity 16376K, committed 16460K, reserved 1048576K
}
Event: 155.064 GC heap before
{Heap before GC invocations=53 (full 2):
 garbage-first heap   total 262144K, used 165572K [0x0000000740000000, 0x0000000800000000)
  region size 1024K, 50 young (51200K), 2 survivors (2048K)
 Metaspace       used 110794K, capacity 113606K, committed 113740K, reserved 1146880K
  class space    used 15166K, capacity 16428K, committed 16460K, reserved 1048576K
}
Event: 155.201 GC heap after
{Heap after GC invocations=54 (full 3):
 garbage-first heap   total 262144K, used 115114K [0x0000000740000000, 0x0000000800000000)
  region size 1024K, 0 young (0K), 0 survivors (0K)
 Metaspace       used 110794K, capacity 113606K, committed 113740K, reserved 1146880K
  class space    used 15166K, capacity 16428K, committed 16460K, reserved 1048576K
}

